2021-01-30T12:52:12+00:00 CRITICAL Uncaught Error: Call to undefined function returnIcon() in /var/www/html/wp-content/themes/test/header.php:39
Stack trace:
#0 /var/www/html/wp-includes/template.php(730): require_once()
#1 /var/www/html/wp-includes/template.php(676): load_template('/var/www/html/w...', true, Array)
#2 /var/www/html/wp-includes/general-template.php(48): locate_template(Array, true, true, Array)
#3 /var/www/html/wp-content/themes/test/woocommerce.php(15): get_header()
#4 /var/www/html/wp-includes/template-loader.php(106): include('/var/www/html/w...')
#5 /var/www/html/wp-blog-header.php(19): require_once('/var/www/html/w...')
#6 /var/www/html/index.php(17): require('/var/www/html/w...')
#7 {main}
  thrown в /var/www/html/wp-content/themes/test/header.php на строке 39

2021-01-30T12:53:14+00:00 CRITICAL Uncaught Error: Call to undefined function returnIcon() in /var/www/html/wp-content/themes/test/header.php:54
Stack trace:
#0 /var/www/html/wp-includes/template.php(730): require_once()
#1 /var/www/html/wp-includes/template.php(676): load_template('/var/www/html/w...', true, Array)
#2 /var/www/html/wp-includes/general-template.php(48): locate_template(Array, true, true, Array)
#3 /var/www/html/wp-content/themes/test/woocommerce.php(15): get_header()
#4 /var/www/html/wp-includes/template-loader.php(106): include('/var/www/html/w...')
#5 /var/www/html/wp-blog-header.php(19): require_once('/var/www/html/w...')
#6 /var/www/html/index.php(17): require('/var/www/html/w...')
#7 {main}
  thrown в /var/www/html/wp-content/themes/test/header.php на строке 54

2021-01-30T12:54:04+00:00 CRITICAL Uncaught Error: Call to undefined function returnIcon() in /var/www/html/wp-content/themes/test/header.php:54
Stack trace:
#0 /var/www/html/wp-includes/template.php(730): require_once()
#1 /var/www/html/wp-includes/template.php(676): load_template('/var/www/html/w...', true, Array)
#2 /var/www/html/wp-includes/general-template.php(48): locate_template(Array, true, true, Array)
#3 /var/www/html/wp-content/themes/test/woocommerce.php(15): get_header()
#4 /var/www/html/wp-includes/template-loader.php(106): include('/var/www/html/w...')
#5 /var/www/html/wp-blog-header.php(19): require_once('/var/www/html/w...')
#6 /var/www/html/index.php(17): require('/var/www/html/w...')
#7 {main}
  thrown в /var/www/html/wp-content/themes/test/header.php на строке 54

2021-01-30T12:54:14+00:00 CRITICAL Uncaught Error: Call to undefined function returnIcon() in /var/www/html/wp-content/themes/test/header.php:54
Stack trace:
#0 /var/www/html/wp-includes/template.php(730): require_once()
#1 /var/www/html/wp-includes/template.php(676): load_template('/var/www/html/w...', true, Array)
#2 /var/www/html/wp-includes/general-template.php(48): locate_template(Array, true, true, Array)
#3 /var/www/html/wp-content/themes/test/page.php(15): get_header()
#4 /var/www/html/wp-includes/template-loader.php(106): include('/var/www/html/w...')
#5 /var/www/html/wp-blog-header.php(19): require_once('/var/www/html/w...')
#6 /var/www/html/index.php(17): require('/var/www/html/w...')
#7 {main}
  thrown в /var/www/html/wp-content/themes/test/header.php на строке 54

2021-01-30T12:54:26+00:00 CRITICAL Uncaught Error: Call to undefined function returnIcon() in /var/www/html/wp-content/themes/test/header.php:54
Stack trace:
#0 /var/www/html/wp-includes/template.php(730): require_once()
#1 /var/www/html/wp-includes/template.php(676): load_template('/var/www/html/w...', true, Array)
#2 /var/www/html/wp-includes/general-template.php(48): locate_template(Array, true, true, Array)
#3 /var/www/html/wp-content/themes/test/woocommerce.php(15): get_header()
#4 /var/www/html/wp-includes/template-loader.php(106): include('/var/www/html/w...')
#5 /var/www/html/wp-blog-header.php(19): require_once('/var/www/html/w...')
#6 /var/www/html/index.php(17): require('/var/www/html/w...')
#7 {main}
  thrown в /var/www/html/wp-content/themes/test/header.php на строке 54

2021-01-30T12:54:31+00:00 CRITICAL Uncaught Error: Call to undefined function returnIcon() in /var/www/html/wp-content/themes/test/header.php:54
Stack trace:
#0 /var/www/html/wp-includes/template.php(730): require_once()
#1 /var/www/html/wp-includes/template.php(676): load_template('/var/www/html/w...', true, Array)
#2 /var/www/html/wp-includes/general-template.php(48): locate_template(Array, true, true, Array)
#3 /var/www/html/wp-content/themes/test/page.php(15): get_header()
#4 /var/www/html/wp-includes/template-loader.php(106): include('/var/www/html/w...')
#5 /var/www/html/wp-blog-header.php(19): require_once('/var/www/html/w...')
#6 /var/www/html/index.php(17): require('/var/www/html/w...')
#7 {main}
  thrown в /var/www/html/wp-content/themes/test/header.php на строке 54

2021-01-30T12:54:39+00:00 CRITICAL Uncaught Error: Call to undefined function returnIcon() in /var/www/html/wp-content/themes/test/header.php:54
Stack trace:
#0 /var/www/html/wp-includes/template.php(730): require_once()
#1 /var/www/html/wp-includes/template.php(676): load_template('/var/www/html/w...', true, Array)
#2 /var/www/html/wp-includes/general-template.php(48): locate_template(Array, true, true, Array)
#3 /var/www/html/wp-content/themes/test/page.php(15): get_header()
#4 /var/www/html/wp-includes/template-loader.php(106): include('/var/www/html/w...')
#5 /var/www/html/wp-blog-header.php(19): require_once('/var/www/html/w...')
#6 /var/www/html/index.php(17): require('/var/www/html/w...')
#7 {main}
  thrown в /var/www/html/wp-content/themes/test/header.php на строке 54

2021-01-30T12:55:28+00:00 CRITICAL Uncaught Error: Call to undefined function returnIcon() in /var/www/html/wp-content/themes/test/header.php:32
Stack trace:
#0 /var/www/html/wp-includes/template.php(730): require_once()
#1 /var/www/html/wp-includes/template.php(676): load_template('/var/www/html/w...', true, Array)
#2 /var/www/html/wp-includes/general-template.php(48): locate_template(Array, true, true, Array)
#3 /var/www/html/wp-content/themes/test/page.php(15): get_header()
#4 /var/www/html/wp-includes/template-loader.php(106): include('/var/www/html/w...')
#5 /var/www/html/wp-blog-header.php(19): require_once('/var/www/html/w...')
#6 /var/www/html/index.php(17): require('/var/www/html/w...')
#7 {main}
  thrown в /var/www/html/wp-content/themes/test/header.php на строке 32

2021-01-30T12:55:42+00:00 CRITICAL Uncaught Error: Call to undefined function returnIcon() in /var/www/html/wp-content/themes/test/header.php:56
Stack trace:
#0 /var/www/html/wp-includes/template.php(730): require_once()
#1 /var/www/html/wp-includes/template.php(676): load_template('/var/www/html/w...', true, Array)
#2 /var/www/html/wp-includes/general-template.php(48): locate_template(Array, true, true, Array)
#3 /var/www/html/wp-content/themes/test/page.php(15): get_header()
#4 /var/www/html/wp-includes/template-loader.php(106): include('/var/www/html/w...')
#5 /var/www/html/wp-blog-header.php(19): require_once('/var/www/html/w...')
#6 /var/www/html/index.php(17): require('/var/www/html/w...')
#7 {main}
  thrown в /var/www/html/wp-content/themes/test/header.php на строке 56

2021-01-30T12:56:53+00:00 CRITICAL Uncaught Error: Call to undefined function returnIcon() in /var/www/html/wp-content/themes/test/header.php:50
Stack trace:
#0 /var/www/html/wp-includes/template.php(730): require_once()
#1 /var/www/html/wp-includes/template.php(676): load_template('/var/www/html/w...', true, Array)
#2 /var/www/html/wp-includes/general-template.php(48): locate_template(Array, true, true, Array)
#3 /var/www/html/wp-content/themes/test/page.php(15): get_header()
#4 /var/www/html/wp-includes/template-loader.php(106): include('/var/www/html/w...')
#5 /var/www/html/wp-blog-header.php(19): require_once('/var/www/html/w...')
#6 /var/www/html/index.php(17): require('/var/www/html/w...')
#7 {main}
  thrown в /var/www/html/wp-content/themes/test/header.php на строке 50

2021-01-30T18:52:06+00:00 CRITICAL Uncaught Error: Call to undefined function cart_link() in /var/www/html/wp-content/themes/test/header.php:35
Stack trace:
#0 /var/www/html/wp-includes/template.php(730): require_once()
#1 /var/www/html/wp-includes/template.php(676): load_template('/var/www/html/w...', true, Array)
#2 /var/www/html/wp-includes/general-template.php(48): locate_template(Array, true, true, Array)
#3 /var/www/html/wp-content/themes/test/page.php(15): get_header()
#4 /var/www/html/wp-includes/template-loader.php(106): include('/var/www/html/w...')
#5 /var/www/html/wp-blog-header.php(19): require_once('/var/www/html/w...')
#6 /var/www/html/index.php(17): require('/var/www/html/w...')
#7 {main}
  thrown в /var/www/html/wp-content/themes/test/header.php на строке 35

2021-01-30T18:52:21+00:00 CRITICAL Uncaught Error: Call to undefined function cart_link() in /var/www/html/wp-content/themes/test/header.php:35
Stack trace:
#0 /var/www/html/wp-includes/template.php(730): require_once()
#1 /var/www/html/wp-includes/template.php(676): load_template('/var/www/html/w...', true, Array)
#2 /var/www/html/wp-includes/general-template.php(48): locate_template(Array, true, true, Array)
#3 /var/www/html/wp-content/themes/test/page.php(15): get_header()
#4 /var/www/html/wp-includes/template-loader.php(106): include('/var/www/html/w...')
#5 /var/www/html/wp-blog-header.php(19): require_once('/var/www/html/w...')
#6 /var/www/html/index.php(17): require('/var/www/html/w...')
#7 {main}
  thrown в /var/www/html/wp-content/themes/test/header.php на строке 35

2021-01-30T18:52:50+00:00 CRITICAL Uncaught Error: Call to undefined function cart_link() in /var/www/html/wp-content/themes/test/header.php:35
Stack trace:
#0 /var/www/html/wp-includes/template.php(730): require_once()
#1 /var/www/html/wp-includes/template.php(676): load_template('/var/www/html/w...', true, Array)
#2 /var/www/html/wp-includes/general-template.php(48): locate_template(Array, true, true, Array)
#3 /var/www/html/wp-content/themes/test/woocommerce.php(15): get_header()
#4 /var/www/html/wp-includes/template-loader.php(106): include('/var/www/html/w...')
#5 /var/www/html/wp-blog-header.php(19): require_once('/var/www/html/w...')
#6 /var/www/html/index.php(17): require('/var/www/html/w...')
#7 {main}
  thrown в /var/www/html/wp-content/themes/test/header.php на строке 35

2021-01-30T18:53:09+00:00 CRITICAL Uncaught Error: Call to undefined function cart_link() in /var/www/html/wp-content/themes/test/header.php:35
Stack trace:
#0 /var/www/html/wp-includes/template.php(730): require_once()
#1 /var/www/html/wp-includes/template.php(676): load_template('/var/www/html/w...', true, Array)
#2 /var/www/html/wp-includes/general-template.php(48): locate_template(Array, true, true, Array)
#3 /var/www/html/wp-content/themes/test/woocommerce.php(15): get_header()
#4 /var/www/html/wp-includes/template-loader.php(106): include('/var/www/html/w...')
#5 /var/www/html/wp-blog-header.php(19): require_once('/var/www/html/w...')
#6 /var/www/html/index.php(17): require('/var/www/html/w...')
#7 {main}
  thrown в /var/www/html/wp-content/themes/test/header.php на строке 35

2021-01-30T18:53:56+00:00 CRITICAL Uncaught Error: Call to undefined function cart_link() in /var/www/html/wp-content/themes/test/header.php:35
Stack trace:
#0 /var/www/html/wp-includes/template.php(730): require_once()
#1 /var/www/html/wp-includes/template.php(676): load_template('/var/www/html/w...', true, Array)
#2 /var/www/html/wp-includes/general-template.php(48): locate_template(Array, true, true, Array)
#3 /var/www/html/wp-content/themes/test/woocommerce.php(15): get_header()
#4 /var/www/html/wp-includes/template-loader.php(106): include('/var/www/html/w...')
#5 /var/www/html/wp-blog-header.php(19): require_once('/var/www/html/w...')
#6 /var/www/html/index.php(17): require('/var/www/html/w...')
#7 {main}
  thrown в /var/www/html/wp-content/themes/test/header.php на строке 35

2021-01-30T18:54:01+00:00 CRITICAL Uncaught Error: Call to undefined function cart_link() in /var/www/html/wp-content/themes/test/header.php:35
Stack trace:
#0 /var/www/html/wp-includes/template.php(730): require_once()
#1 /var/www/html/wp-includes/template.php(676): load_template('/var/www/html/w...', true, Array)
#2 /var/www/html/wp-includes/general-template.php(48): locate_template(Array, true, true, Array)
#3 /var/www/html/wp-content/themes/test/woocommerce.php(15): get_header()
#4 /var/www/html/wp-includes/template-loader.php(106): include('/var/www/html/w...')
#5 /var/www/html/wp-blog-header.php(19): require_once('/var/www/html/w...')
#6 /var/www/html/index.php(17): require('/var/www/html/w...')
#7 {main}
  thrown в /var/www/html/wp-content/themes/test/header.php на строке 35

2021-01-30T18:54:07+00:00 CRITICAL Uncaught Error: Call to undefined function cart_link() in /var/www/html/wp-content/themes/test/header.php:35
Stack trace:
#0 /var/www/html/wp-includes/template.php(730): require_once()
#1 /var/www/html/wp-includes/template.php(676): load_template('/var/www/html/w...', true, Array)
#2 /var/www/html/wp-includes/general-template.php(48): locate_template(Array, true, true, Array)
#3 /var/www/html/wp-content/themes/test/page.php(15): get_header()
#4 /var/www/html/wp-includes/template-loader.php(106): include('/var/www/html/w...')
#5 /var/www/html/wp-blog-header.php(19): require_once('/var/www/html/w...')
#6 /var/www/html/index.php(17): require('/var/www/html/w...')
#7 {main}
  thrown в /var/www/html/wp-content/themes/test/header.php на строке 35

2021-01-30T18:54:11+00:00 CRITICAL Uncaught Error: Call to undefined function cart_link() in /var/www/html/wp-content/themes/test/header.php:35
Stack trace:
#0 /var/www/html/wp-includes/template.php(730): require_once()
#1 /var/www/html/wp-includes/template.php(676): load_template('/var/www/html/w...', true, Array)
#2 /var/www/html/wp-includes/general-template.php(48): locate_template(Array, true, true, Array)
#3 /var/www/html/wp-content/themes/test/woocommerce.php(15): get_header()
#4 /var/www/html/wp-includes/template-loader.php(106): include('/var/www/html/w...')
#5 /var/www/html/wp-blog-header.php(19): require_once('/var/www/html/w...')
#6 /var/www/html/index.php(17): require('/var/www/html/w...')
#7 {main}
  thrown в /var/www/html/wp-content/themes/test/header.php на строке 35

2021-01-30T18:54:57+00:00 CRITICAL Uncaught Error: Call to undefined function cart_link() in /var/www/html/wp-content/themes/test/header.php:35
Stack trace:
#0 /var/www/html/wp-includes/template.php(730): require_once()
#1 /var/www/html/wp-includes/template.php(676): load_template('/var/www/html/w...', true, Array)
#2 /var/www/html/wp-includes/general-template.php(48): locate_template(Array, true, true, Array)
#3 /var/www/html/wp-content/themes/test/woocommerce.php(15): get_header()
#4 /var/www/html/wp-includes/template-loader.php(106): include('/var/www/html/w...')
#5 /var/www/html/wp-blog-header.php(19): require_once('/var/www/html/w...')
#6 /var/www/html/index.php(17): require('/var/www/html/w...')
#7 {main}
  thrown в /var/www/html/wp-content/themes/test/header.php на строке 35

2021-01-30T18:55:27+00:00 CRITICAL Uncaught Error: Call to undefined function cart_link() in /var/www/html/wp-content/themes/test/header.php:35
Stack trace:
#0 /var/www/html/wp-includes/template.php(730): require_once()
#1 /var/www/html/wp-includes/template.php(676): load_template('/var/www/html/w...', true, Array)
#2 /var/www/html/wp-includes/general-template.php(48): locate_template(Array, true, true, Array)
#3 /var/www/html/wp-content/themes/test/woocommerce.php(15): get_header()
#4 /var/www/html/wp-includes/template-loader.php(106): include('/var/www/html/w...')
#5 /var/www/html/wp-blog-header.php(19): require_once('/var/www/html/w...')
#6 /var/www/html/index.php(17): require('/var/www/html/w...')
#7 {main}
  thrown в /var/www/html/wp-content/themes/test/header.php на строке 35

