2021-01-31T20:36:30+00:00 CRITICAL syntax error, unexpected '<', expecting end of file в /var/www/html/wp-content/themes/test/header.php на строке 75

2021-01-31T20:36:41+00:00 CRITICAL syntax error, unexpected '}', expecting ';' or ',' в /var/www/html/wp-content/themes/test/header.php на строке 84

2021-01-31T20:37:07+00:00 CRITICAL syntax error, unexpected '}', expecting ';' or ',' в /var/www/html/wp-content/themes/test/header.php на строке 84

2021-01-31T20:39:29+00:00 CRITICAL syntax error, unexpected '}', expecting ';' or ',' в /var/www/html/wp-content/themes/test/functions.php на строке 218

2021-01-31T20:39:32+00:00 CRITICAL syntax error, unexpected '}', expecting ';' or ',' в /var/www/html/wp-content/themes/test/functions.php на строке 218

2021-01-31T20:39:33+00:00 CRITICAL syntax error, unexpected '}', expecting ';' or ',' в /var/www/html/wp-content/themes/test/functions.php на строке 218

2021-01-31T20:39:36+00:00 CRITICAL syntax error, unexpected '}', expecting ';' or ',' в /var/www/html/wp-content/themes/test/functions.php на строке 218

2021-01-31T20:39:46+00:00 CRITICAL syntax error, unexpected '}', expecting ';' or ',' в /var/www/html/wp-content/themes/test/functions.php на строке 218

2021-01-31T20:39:50+00:00 CRITICAL syntax error, unexpected '}', expecting ';' or ',' в /var/www/html/wp-content/themes/test/functions.php на строке 218

2021-01-31T20:40:27+00:00 CRITICAL syntax error, unexpected '}', expecting ';' or ',' в /var/www/html/wp-content/themes/test/functions.php на строке 218

2021-01-31T20:40:30+00:00 CRITICAL syntax error, unexpected '}', expecting ';' or ',' в /var/www/html/wp-content/themes/test/functions.php на строке 218

2021-01-31T20:41:00+00:00 CRITICAL syntax error, unexpected '}', expecting ';' or ',' в /var/www/html/wp-content/themes/test/functions.php на строке 218

2021-01-31T20:41:02+00:00 CRITICAL syntax error, unexpected '}', expecting ';' or ',' в /var/www/html/wp-content/themes/test/functions.php на строке 218

2021-01-31T20:41:18+00:00 CRITICAL syntax error, unexpected '}', expecting ';' or ',' в /var/www/html/wp-content/themes/test/functions.php на строке 218

2021-01-31T20:41:18+00:00 CRITICAL syntax error, unexpected '}', expecting ';' or ',' в /var/www/html/wp-content/themes/test/functions.php на строке 218

2021-01-31T20:41:20+00:00 CRITICAL syntax error, unexpected '}', expecting ';' or ',' в /var/www/html/wp-content/themes/test/functions.php на строке 218

2021-01-31T20:41:30+00:00 CRITICAL syntax error, unexpected ':' в /var/www/html/wp-content/themes/test/functions.php на строке 217

2021-01-31T20:41:30+00:00 CRITICAL syntax error, unexpected ':' в /var/www/html/wp-content/themes/test/functions.php на строке 217

2021-01-31T20:41:33+00:00 CRITICAL syntax error, unexpected ':' в /var/www/html/wp-content/themes/test/functions.php на строке 217

2021-01-31T21:06:15+00:00 CRITICAL syntax error, unexpected '<', expecting end of file в /var/www/html/wp-content/themes/test/woocommerce/cart/cart.php на строке 23

