2021-01-29T15:53:14+00:00 CRITICAL Uncaught Error: Call to undefined function sitename_copyright() in /var/www/html/wp-content/themes/test/footer.php:10
Stack trace:
#0 /var/www/html/wp-includes/template.php(730): require_once()
#1 /var/www/html/wp-includes/template.php(676): load_template('/var/www/html/w...', true, Array)
#2 /var/www/html/wp-includes/general-template.php(92): locate_template(Array, true, true, Array)
#3 /var/www/html/wp-content/themes/test/woocommerce.php(27): get_footer()
#4 /var/www/html/wp-includes/template-loader.php(106): include('/var/www/html/w...')
#5 /var/www/html/wp-blog-header.php(19): require_once('/var/www/html/w...')
#6 /var/www/html/index.php(17): require('/var/www/html/w...')
#7 {main}
  thrown в /var/www/html/wp-content/themes/test/footer.php на строке 10

2021-01-29T15:53:28+00:00 CRITICAL Uncaught Error: Call to undefined function sitename_copyright() in /var/www/html/wp-content/themes/test/footer.php:10
Stack trace:
#0 /var/www/html/wp-includes/template.php(730): require_once()
#1 /var/www/html/wp-includes/template.php(676): load_template('/var/www/html/w...', true, Array)
#2 /var/www/html/wp-includes/general-template.php(92): locate_template(Array, true, true, Array)
#3 /var/www/html/wp-content/themes/test/woocommerce.php(27): get_footer()
#4 /var/www/html/wp-includes/template-loader.php(106): include('/var/www/html/w...')
#5 /var/www/html/wp-blog-header.php(19): require_once('/var/www/html/w...')
#6 /var/www/html/index.php(17): require('/var/www/html/w...')
#7 {main}
  thrown в /var/www/html/wp-content/themes/test/footer.php на строке 10

2021-01-29T15:53:45+00:00 CRITICAL Uncaught Error: Call to undefined function sitename_copyright() in /var/www/html/wp-content/themes/test/footer.php:10
Stack trace:
#0 /var/www/html/wp-includes/template.php(730): require_once()
#1 /var/www/html/wp-includes/template.php(676): load_template('/var/www/html/w...', true, Array)
#2 /var/www/html/wp-includes/general-template.php(92): locate_template(Array, true, true, Array)
#3 /var/www/html/wp-content/themes/test/page.php(38): get_footer()
#4 /var/www/html/wp-includes/template-loader.php(106): include('/var/www/html/w...')
#5 /var/www/html/wp-blog-header.php(19): require_once('/var/www/html/w...')
#6 /var/www/html/index.php(17): require('/var/www/html/w...')
#7 {main}
  thrown в /var/www/html/wp-content/themes/test/footer.php на строке 10

2021-01-29T15:58:10+00:00 CRITICAL Uncaught Error: Call to undefined function sitename_copyright() in /var/www/html/wp-content/themes/test/footer.php:10
Stack trace:
#0 /var/www/html/wp-includes/template.php(730): require_once()
#1 /var/www/html/wp-includes/template.php(676): load_template('/var/www/html/w...', true, Array)
#2 /var/www/html/wp-includes/general-template.php(92): locate_template(Array, true, true, Array)
#3 /var/www/html/wp-content/themes/test/woocommerce.php(27): get_footer()
#4 /var/www/html/wp-includes/template-loader.php(106): include('/var/www/html/w...')
#5 /var/www/html/wp-blog-header.php(19): require_once('/var/www/html/w...')
#6 /var/www/html/index.php(17): require('/var/www/html/w...')
#7 {main}
  thrown в /var/www/html/wp-content/themes/test/footer.php на строке 10

2021-01-29T19:25:11+00:00 CRITICAL syntax error, unexpected '(', expecting variable (T_VARIABLE) or '{' or '$' в /var/www/html/wp-content/themes/test/functions.php на строке 226

2021-01-29T19:25:17+00:00 CRITICAL syntax error, unexpected '(', expecting variable (T_VARIABLE) or '{' or '$' в /var/www/html/wp-content/themes/test/functions.php на строке 226

2021-01-29T21:44:05+00:00 CRITICAL Uncaught Error: Call to a member function is_empty() on null in /var/www/html/wp-content/themes/test/woocommerce/cart/mini-cart.php:24
Stack trace:
#0 /var/www/html/wp-content/plugins/woocommerce/includes/wc-core-functions.php(345): include()
#1 /var/www/html/wp-content/themes/test/functions.php(210): wc_get_template('cart/mini-cart....', Array)
#2 /var/www/html/wp-content/themes/test/functions.php(213): woocommerce_mini_cart(Array)
#3 /var/www/html/wp-settings.php(525): include('/var/www/html/w...')
#4 /var/www/html/wp-config.php(96): require_once('/var/www/html/w...')
#5 /var/www/html/wp-load.php(37): require_once('/var/www/html/w...')
#6 /var/www/html/wp-blog-header.php(13): require_once('/var/www/html/w...')
#7 /var/www/html/index.php(17): require('/var/www/html/w...')
#8 {main}
  thrown в /var/www/html/wp-content/themes/test/woocommerce/cart/mini-cart.php на строке 24

2021-01-29T21:44:15+00:00 CRITICAL Uncaught Error: Call to a member function is_empty() on null in /var/www/html/wp-content/themes/test/woocommerce/cart/mini-cart.php:24
Stack trace:
#0 /var/www/html/wp-content/plugins/woocommerce/includes/wc-core-functions.php(345): include()
#1 /var/www/html/wp-content/themes/test/functions.php(210): wc_get_template('cart/mini-cart....', Array)
#2 /var/www/html/wp-content/themes/test/functions.php(213): woocommerce_mini_cart(Array)
#3 /var/www/html/wp-settings.php(525): include('/var/www/html/w...')
#4 /var/www/html/wp-config.php(96): require_once('/var/www/html/w...')
#5 /var/www/html/wp-load.php(37): require_once('/var/www/html/w...')
#6 /var/www/html/wp-blog-header.php(13): require_once('/var/www/html/w...')
#7 /var/www/html/index.php(17): require('/var/www/html/w...')
#8 {main}
  thrown в /var/www/html/wp-content/themes/test/woocommerce/cart/mini-cart.php на строке 24

