2021-01-28T16:50:35+00:00 CRITICAL Uncaught Error: Call to undefined function sitename_copyright() in /var/www/html/wp-content/themes/test/footer.php:10
Stack trace:
#0 /var/www/html/wp-includes/template.php(730): require_once()
#1 /var/www/html/wp-includes/template.php(676): load_template('/var/www/html/w...', true, Array)
#2 /var/www/html/wp-includes/general-template.php(92): locate_template(Array, true, true, Array)
#3 /var/www/html/wp-content/themes/test/index.php(57): get_footer()
#4 /var/www/html/wp-includes/template-loader.php(106): include('/var/www/html/w...')
#5 /var/www/html/wp-blog-header.php(19): require_once('/var/www/html/w...')
#6 /var/www/html/index.php(17): require('/var/www/html/w...')
#7 {main}
  thrown in /var/www/html/wp-content/themes/test/footer.php on line 10

2021-01-28T16:50:40+00:00 CRITICAL Uncaught Error: Call to undefined function sitename_copyright() in /var/www/html/wp-content/themes/test/footer.php:10
Stack trace:
#0 /var/www/html/wp-includes/template.php(730): require_once()
#1 /var/www/html/wp-includes/template.php(676): load_template('/var/www/html/w...', true, Array)
#2 /var/www/html/wp-includes/general-template.php(92): locate_template(Array, true, true, Array)
#3 /var/www/html/wp-content/themes/test/index.php(57): get_footer()
#4 /var/www/html/wp-includes/template-loader.php(106): include('/var/www/html/w...')
#5 /var/www/html/wp-blog-header.php(19): require_once('/var/www/html/w...')
#6 /var/www/html/index.php(17): require('/var/www/html/w...')
#7 {main}
  thrown in /var/www/html/wp-content/themes/test/footer.php on line 10

2021-01-28T16:55:20+00:00 CRITICAL Uncaught Error: Call to undefined function sitename_copyright() in /var/www/html/wp-content/themes/test/footer.php:10
Stack trace:
#0 /var/www/html/wp-includes/template.php(730): require_once()
#1 /var/www/html/wp-includes/template.php(676): load_template('/var/www/html/w...', true, Array)
#2 /var/www/html/wp-includes/general-template.php(92): locate_template(Array, true, true, Array)
#3 /var/www/html/wp-content/themes/test/woocommerce.php(27): get_footer()
#4 /var/www/html/wp-includes/template-loader.php(106): include('/var/www/html/w...')
#5 /var/www/html/wp-blog-header.php(19): require_once('/var/www/html/w...')
#6 /var/www/html/index.php(17): require('/var/www/html/w...')
#7 {main}
  thrown in /var/www/html/wp-content/themes/test/footer.php on line 10

2021-01-28T16:55:32+00:00 CRITICAL Uncaught Error: Call to undefined function sitename_copyright() in /var/www/html/wp-content/themes/test/footer.php:10
Stack trace:
#0 /var/www/html/wp-includes/template.php(730): require_once()
#1 /var/www/html/wp-includes/template.php(676): load_template('/var/www/html/w...', true, Array)
#2 /var/www/html/wp-includes/general-template.php(92): locate_template(Array, true, true, Array)
#3 /var/www/html/wp-content/themes/test/page.php(38): get_footer()
#4 /var/www/html/wp-includes/template-loader.php(106): include('/var/www/html/w...')
#5 /var/www/html/wp-blog-header.php(19): require_once('/var/www/html/w...')
#6 /var/www/html/index.php(17): require('/var/www/html/w...')
#7 {main}
  thrown in /var/www/html/wp-content/themes/test/footer.php on line 10

2021-01-28T16:55:53+00:00 CRITICAL Uncaught Error: Call to undefined function sitename_copyright() in /var/www/html/wp-content/themes/test/footer.php:10
Stack trace:
#0 /var/www/html/wp-includes/template.php(730): require_once()
#1 /var/www/html/wp-includes/template.php(676): load_template('/var/www/html/w...', true, Array)
#2 /var/www/html/wp-includes/general-template.php(92): locate_template(Array, true, true, Array)
#3 /var/www/html/wp-content/themes/test/woocommerce.php(27): get_footer()
#4 /var/www/html/wp-includes/template-loader.php(106): include('/var/www/html/w...')
#5 /var/www/html/wp-blog-header.php(19): require_once('/var/www/html/w...')
#6 /var/www/html/index.php(17): require('/var/www/html/w...')
#7 {main}
  thrown in /var/www/html/wp-content/themes/test/footer.php on line 10

2021-01-28T16:58:42+00:00 CRITICAL Uncaught Error: Call to undefined function sitename_copyright() in /var/www/html/wp-content/themes/test/footer.php:10
Stack trace:
#0 /var/www/html/wp-includes/template.php(730): require_once()
#1 /var/www/html/wp-includes/template.php(676): load_template('/var/www/html/w...', true, Array)
#2 /var/www/html/wp-includes/general-template.php(92): locate_template(Array, true, true, Array)
#3 /var/www/html/wp-content/themes/test/woocommerce.php(27): get_footer()
#4 /var/www/html/wp-includes/template-loader.php(106): include('/var/www/html/w...')
#5 /var/www/html/wp-blog-header.php(19): require_once('/var/www/html/w...')
#6 /var/www/html/index.php(17): require('/var/www/html/w...')
#7 {main}
  thrown in /var/www/html/wp-content/themes/test/footer.php on line 10

2021-01-28T17:01:00+00:00 CRITICAL Uncaught Error: Call to undefined function sitename_copyright() in /var/www/html/wp-content/themes/test/footer.php:10
Stack trace:
#0 /var/www/html/wp-includes/template.php(730): require_once()
#1 /var/www/html/wp-includes/template.php(676): load_template('/var/www/html/w...', true, Array)
#2 /var/www/html/wp-includes/general-template.php(92): locate_template(Array, true, true, Array)
#3 /var/www/html/wp-content/themes/test/woocommerce.php(27): get_footer()
#4 /var/www/html/wp-includes/template-loader.php(106): include('/var/www/html/w...')
#5 /var/www/html/wp-blog-header.php(19): require_once('/var/www/html/w...')
#6 /var/www/html/index.php(17): require('/var/www/html/w...')
#7 {main}
  thrown in /var/www/html/wp-content/themes/test/footer.php on line 10

2021-01-28T17:01:11+00:00 CRITICAL Uncaught Error: Call to undefined function sitename_copyright() in /var/www/html/wp-content/themes/test/footer.php:10
Stack trace:
#0 /var/www/html/wp-includes/template.php(730): require_once()
#1 /var/www/html/wp-includes/template.php(676): load_template('/var/www/html/w...', true, Array)
#2 /var/www/html/wp-includes/general-template.php(92): locate_template(Array, true, true, Array)
#3 /var/www/html/wp-content/themes/test/woocommerce.php(27): get_footer()
#4 /var/www/html/wp-includes/template-loader.php(106): include('/var/www/html/w...')
#5 /var/www/html/wp-blog-header.php(19): require_once('/var/www/html/w...')
#6 /var/www/html/index.php(17): require('/var/www/html/w...')
#7 {main}
  thrown in /var/www/html/wp-content/themes/test/footer.php on line 10

2021-01-28T17:01:25+00:00 CRITICAL Uncaught Error: Call to undefined function sitename_copyright() in /var/www/html/wp-content/themes/test/footer.php:10
Stack trace:
#0 /var/www/html/wp-includes/template.php(730): require_once()
#1 /var/www/html/wp-includes/template.php(676): load_template('/var/www/html/w...', true, Array)
#2 /var/www/html/wp-includes/general-template.php(92): locate_template(Array, true, true, Array)
#3 /var/www/html/wp-content/themes/test/page.php(38): get_footer()
#4 /var/www/html/wp-includes/template-loader.php(106): include('/var/www/html/w...')
#5 /var/www/html/wp-blog-header.php(19): require_once('/var/www/html/w...')
#6 /var/www/html/index.php(17): require('/var/www/html/w...')
#7 {main}
  thrown in /var/www/html/wp-content/themes/test/footer.php on line 10

2021-01-28T17:11:40+00:00 CRITICAL Uncaught Error: Call to undefined function sitename_copyright() in /var/www/html/wp-content/themes/test/footer.php:10
Stack trace:
#0 /var/www/html/wp-includes/template.php(730): require_once()
#1 /var/www/html/wp-includes/template.php(676): load_template('/var/www/html/w...', true, Array)
#2 /var/www/html/wp-includes/general-template.php(92): locate_template(Array, true, true, Array)
#3 /var/www/html/wp-content/themes/test/page.php(38): get_footer()
#4 /var/www/html/wp-includes/template-loader.php(106): include('/var/www/html/w...')
#5 /var/www/html/wp-blog-header.php(19): require_once('/var/www/html/w...')
#6 /var/www/html/index.php(17): require('/var/www/html/w...')
#7 {main}
  thrown in /var/www/html/wp-content/themes/test/footer.php on line 10

2021-01-28T17:11:49+00:00 CRITICAL Uncaught Error: Call to undefined function sitename_copyright() in /var/www/html/wp-content/themes/test/footer.php:10
Stack trace:
#0 /var/www/html/wp-includes/template.php(730): require_once()
#1 /var/www/html/wp-includes/template.php(676): load_template('/var/www/html/w...', true, Array)
#2 /var/www/html/wp-includes/general-template.php(92): locate_template(Array, true, true, Array)
#3 /var/www/html/wp-content/themes/test/page.php(38): get_footer()
#4 /var/www/html/wp-includes/template-loader.php(106): include('/var/www/html/w...')
#5 /var/www/html/wp-blog-header.php(19): require_once('/var/www/html/w...')
#6 /var/www/html/index.php(17): require('/var/www/html/w...')
#7 {main}
  thrown in /var/www/html/wp-content/themes/test/footer.php on line 10

2021-01-28T17:13:02+00:00 CRITICAL Uncaught Error: Call to undefined function sitename_copyright() in /var/www/html/wp-content/themes/test/footer.php:10
Stack trace:
#0 /var/www/html/wp-includes/template.php(730): require_once()
#1 /var/www/html/wp-includes/template.php(676): load_template('/var/www/html/w...', true, Array)
#2 /var/www/html/wp-includes/general-template.php(92): locate_template(Array, true, true, Array)
#3 /var/www/html/wp-content/themes/test/page.php(38): get_footer()
#4 /var/www/html/wp-includes/template-loader.php(106): include('/var/www/html/w...')
#5 /var/www/html/wp-blog-header.php(19): require_once('/var/www/html/w...')
#6 /var/www/html/index.php(17): require('/var/www/html/w...')
#7 {main}
  thrown in /var/www/html/wp-content/themes/test/footer.php on line 10

2021-01-28T17:27:55+00:00 CRITICAL Uncaught Error: Call to undefined function sitename_copyright() in /var/www/html/wp-content/themes/test/footer.php:10
Stack trace:
#0 /var/www/html/wp-includes/template.php(730): require_once()
#1 /var/www/html/wp-includes/template.php(676): load_template('/var/www/html/w...', true, Array)
#2 /var/www/html/wp-includes/general-template.php(92): locate_template(Array, true, true, Array)
#3 /var/www/html/wp-content/themes/test/woocommerce.php(27): get_footer()
#4 /var/www/html/wp-includes/template-loader.php(106): include('/var/www/html/w...')
#5 /var/www/html/wp-blog-header.php(19): require_once('/var/www/html/w...')
#6 /var/www/html/index.php(17): require('/var/www/html/w...')
#7 {main}
  thrown in /var/www/html/wp-content/themes/test/footer.php on line 10

2021-01-28T17:28:01+00:00 CRITICAL Uncaught Error: Call to undefined function sitename_copyright() in /var/www/html/wp-content/themes/test/footer.php:10
Stack trace:
#0 /var/www/html/wp-includes/template.php(730): require_once()
#1 /var/www/html/wp-includes/template.php(676): load_template('/var/www/html/w...', true, Array)
#2 /var/www/html/wp-includes/general-template.php(92): locate_template(Array, true, true, Array)
#3 /var/www/html/wp-content/themes/test/page.php(38): get_footer()
#4 /var/www/html/wp-includes/template-loader.php(106): include('/var/www/html/w...')
#5 /var/www/html/wp-blog-header.php(19): require_once('/var/www/html/w...')
#6 /var/www/html/index.php(17): require('/var/www/html/w...')
#7 {main}
  thrown in /var/www/html/wp-content/themes/test/footer.php on line 10

2021-01-28T17:28:28+00:00 CRITICAL Uncaught Error: Call to undefined function sitename_copyright() in /var/www/html/wp-content/themes/test/footer.php:10
Stack trace:
#0 /var/www/html/wp-includes/template.php(730): require_once()
#1 /var/www/html/wp-includes/template.php(676): load_template('/var/www/html/w...', true, Array)
#2 /var/www/html/wp-includes/general-template.php(92): locate_template(Array, true, true, Array)
#3 /var/www/html/wp-content/themes/test/page.php(38): get_footer()
#4 /var/www/html/wp-includes/template-loader.php(106): include('/var/www/html/w...')
#5 /var/www/html/wp-blog-header.php(19): require_once('/var/www/html/w...')
#6 /var/www/html/index.php(17): require('/var/www/html/w...')
#7 {main}
  thrown in /var/www/html/wp-content/themes/test/footer.php on line 10

2021-01-28T17:28:44+00:00 CRITICAL Uncaught Error: Call to undefined function sitename_copyright() in /var/www/html/wp-content/themes/test/footer.php:10
Stack trace:
#0 /var/www/html/wp-includes/template.php(730): require_once()
#1 /var/www/html/wp-includes/template.php(676): load_template('/var/www/html/w...', true, Array)
#2 /var/www/html/wp-includes/general-template.php(92): locate_template(Array, true, true, Array)
#3 /var/www/html/wp-content/themes/test/page.php(38): get_footer()
#4 /var/www/html/wp-includes/template-loader.php(106): include('/var/www/html/w...')
#5 /var/www/html/wp-blog-header.php(19): require_once('/var/www/html/w...')
#6 /var/www/html/index.php(17): require('/var/www/html/w...')
#7 {main}
  thrown in /var/www/html/wp-content/themes/test/footer.php on line 10

2021-01-28T19:15:36+00:00 CRITICAL Uncaught Error: Call to undefined function sitename_copyright() in /var/www/html/wp-content/themes/test/footer.php:10
Stack trace:
#0 /var/www/html/wp-includes/template.php(730): require_once()
#1 /var/www/html/wp-includes/template.php(676): load_template('/var/www/html/w...', true, Array)
#2 /var/www/html/wp-includes/general-template.php(92): locate_template(Array, true, true, Array)
#3 /var/www/html/wp-content/themes/test/page.php(38): get_footer()
#4 /var/www/html/wp-includes/template-loader.php(106): include('/var/www/html/w...')
#5 /var/www/html/wp-blog-header.php(19): require_once('/var/www/html/w...')
#6 /var/www/html/index.php(17): require('/var/www/html/w...')
#7 {main}
  thrown in /var/www/html/wp-content/themes/test/footer.php on line 10

2021-01-28T19:15:59+00:00 CRITICAL Uncaught Error: Call to undefined function sitename_copyright() in /var/www/html/wp-content/themes/test/footer.php:10
Stack trace:
#0 /var/www/html/wp-includes/template.php(730): require_once()
#1 /var/www/html/wp-includes/template.php(676): load_template('/var/www/html/w...', true, Array)
#2 /var/www/html/wp-includes/general-template.php(92): locate_template(Array, true, true, Array)
#3 /var/www/html/wp-content/themes/test/page.php(38): get_footer()
#4 /var/www/html/wp-includes/template-loader.php(106): include('/var/www/html/w...')
#5 /var/www/html/wp-blog-header.php(19): require_once('/var/www/html/w...')
#6 /var/www/html/index.php(17): require('/var/www/html/w...')
#7 {main}
  thrown in /var/www/html/wp-content/themes/test/footer.php on line 10

2021-01-28T19:18:21+00:00 CRITICAL Uncaught Error: Call to undefined function sitename_copyright() in /var/www/html/wp-content/themes/test/footer.php:10
Stack trace:
#0 /var/www/html/wp-includes/template.php(730): require_once()
#1 /var/www/html/wp-includes/template.php(676): load_template('/var/www/html/w...', true, Array)
#2 /var/www/html/wp-includes/general-template.php(92): locate_template(Array, true, true, Array)
#3 /var/www/html/wp-content/themes/test/woocommerce.php(27): get_footer()
#4 /var/www/html/wp-includes/template-loader.php(106): include('/var/www/html/w...')
#5 /var/www/html/wp-blog-header.php(19): require_once('/var/www/html/w...')
#6 /var/www/html/index.php(17): require('/var/www/html/w...')
#7 {main}
  thrown in /var/www/html/wp-content/themes/test/footer.php on line 10

2021-01-28T19:18:42+00:00 CRITICAL Uncaught Error: Call to undefined function sitename_copyright() in /var/www/html/wp-content/themes/test/footer.php:10
Stack trace:
#0 /var/www/html/wp-includes/template.php(730): require_once()
#1 /var/www/html/wp-includes/template.php(676): load_template('/var/www/html/w...', true, Array)
#2 /var/www/html/wp-includes/general-template.php(92): locate_template(Array, true, true, Array)
#3 /var/www/html/wp-content/themes/test/woocommerce.php(27): get_footer()
#4 /var/www/html/wp-includes/template-loader.php(106): include('/var/www/html/w...')
#5 /var/www/html/wp-blog-header.php(19): require_once('/var/www/html/w...')
#6 /var/www/html/index.php(17): require('/var/www/html/w...')
#7 {main}
  thrown in /var/www/html/wp-content/themes/test/footer.php on line 10

2021-01-28T19:18:52+00:00 CRITICAL Uncaught Error: Call to undefined function sitename_copyright() in /var/www/html/wp-content/themes/test/footer.php:10
Stack trace:
#0 /var/www/html/wp-includes/template.php(730): require_once()
#1 /var/www/html/wp-includes/template.php(676): load_template('/var/www/html/w...', true, Array)
#2 /var/www/html/wp-includes/general-template.php(92): locate_template(Array, true, true, Array)
#3 /var/www/html/wp-content/themes/test/page.php(38): get_footer()
#4 /var/www/html/wp-includes/template-loader.php(106): include('/var/www/html/w...')
#5 /var/www/html/wp-blog-header.php(19): require_once('/var/www/html/w...')
#6 /var/www/html/index.php(17): require('/var/www/html/w...')
#7 {main}
  thrown in /var/www/html/wp-content/themes/test/footer.php on line 10

2021-01-28T19:19:11+00:00 CRITICAL Uncaught Error: Call to undefined function sitename_copyright() in /var/www/html/wp-content/themes/test/footer.php:10
Stack trace:
#0 /var/www/html/wp-includes/template.php(730): require_once()
#1 /var/www/html/wp-includes/template.php(676): load_template('/var/www/html/w...', true, Array)
#2 /var/www/html/wp-includes/general-template.php(92): locate_template(Array, true, true, Array)
#3 /var/www/html/wp-content/themes/test/woocommerce.php(27): get_footer()
#4 /var/www/html/wp-includes/template-loader.php(106): include('/var/www/html/w...')
#5 /var/www/html/wp-blog-header.php(19): require_once('/var/www/html/w...')
#6 /var/www/html/index.php(17): require('/var/www/html/w...')
#7 {main}
  thrown in /var/www/html/wp-content/themes/test/footer.php on line 10

2021-01-28T19:19:36+00:00 CRITICAL Uncaught Error: Call to undefined function sitename_copyright() in /var/www/html/wp-content/themes/test/footer.php:10
Stack trace:
#0 /var/www/html/wp-includes/template.php(730): require_once()
#1 /var/www/html/wp-includes/template.php(676): load_template('/var/www/html/w...', true, Array)
#2 /var/www/html/wp-includes/general-template.php(92): locate_template(Array, true, true, Array)
#3 /var/www/html/wp-content/themes/test/page.php(38): get_footer()
#4 /var/www/html/wp-includes/template-loader.php(106): include('/var/www/html/w...')
#5 /var/www/html/wp-blog-header.php(19): require_once('/var/www/html/w...')
#6 /var/www/html/index.php(17): require('/var/www/html/w...')
#7 {main}
  thrown in /var/www/html/wp-content/themes/test/footer.php on line 10

2021-01-28T19:23:19+00:00 CRITICAL Uncaught Error: Call to undefined function sitename_copyright() in /var/www/html/wp-content/themes/test/footer.php:10
Stack trace:
#0 /var/www/html/wp-includes/template.php(730): require_once()
#1 /var/www/html/wp-includes/template.php(676): load_template('/var/www/html/w...', true, Array)
#2 /var/www/html/wp-includes/general-template.php(92): locate_template(Array, true, true, Array)
#3 /var/www/html/wp-content/themes/test/page.php(38): get_footer()
#4 /var/www/html/wp-includes/template-loader.php(106): include('/var/www/html/w...')
#5 /var/www/html/wp-blog-header.php(19): require_once('/var/www/html/w...')
#6 /var/www/html/index.php(17): require('/var/www/html/w...')
#7 {main}
  thrown in /var/www/html/wp-content/themes/test/footer.php on line 10

2021-01-28T19:24:07+00:00 CRITICAL Uncaught Error: Call to undefined function sitename_copyright() in /var/www/html/wp-content/themes/test/footer.php:10
Stack trace:
#0 /var/www/html/wp-includes/template.php(730): require_once()
#1 /var/www/html/wp-includes/template.php(676): load_template('/var/www/html/w...', true, Array)
#2 /var/www/html/wp-includes/general-template.php(92): locate_template(Array, true, true, Array)
#3 /var/www/html/wp-content/themes/test/page.php(38): get_footer()
#4 /var/www/html/wp-includes/template-loader.php(106): include('/var/www/html/w...')
#5 /var/www/html/wp-blog-header.php(19): require_once('/var/www/html/w...')
#6 /var/www/html/index.php(17): require('/var/www/html/w...')
#7 {main}
  thrown in /var/www/html/wp-content/themes/test/footer.php on line 10

